<?xml version="1.0" encoding="UTF-8"?>
<testng-results total="1" passed="1" failed="0" skipped="0">
  <reporter-output>
  </reporter-output>
  <suite started-at="2019-03-07T20:09:07Z" name="Default suite" finished-at="2019-03-07T20:09:14Z" duration-ms="6843">
    <groups>
    </groups>
    <test started-at="2019-03-07T20:09:07Z" name="Default test" finished-at="2019-03-07T20:09:14Z" duration-ms="6843">
      <class name="Guru99.lPage">
        <test-method signature="basePageNavigation()[pri:0, instance:Guru99.lPage@6c6cb480]" started-at="2019-03-07T15:09:07Z" name="basePageNavigation" finished-at="2019-03-07T15:09:14Z" duration-ms="6824" status="PASS">
          <reporter-output>
          </reporter-output>
        </test-method> <!-- basePageNavigation -->
      </class> <!-- Guru99.lPage -->
    </test> <!-- Default test -->
  </suite> <!-- Default suite -->
</testng-results>
